2023-04-14 18:34:37,891 INFO o.a.j.u.JMeterUtils: Setting Locale to en_US
2023-04-14 18:34:37,911 INFO o.a.j.JMeter: Loading system properties from: system.properties
2023-04-14 18:34:37,918 INFO o.a.j.JMeter: Copyright (c) 1998-2017 The Apache Software Foundation
2023-04-14 18:34:37,918 INFO o.a.j.JMeter: Version 3.2 r1790748
2023-04-14 18:34:37,918 INFO o.a.j.JMeter: java.version=1.8.0_241
2023-04-14 18:34:37,918 INFO o.a.j.JMeter: java.vm.name=Java HotSpot(TM) 64-Bit Server VM
2023-04-14 18:34:37,918 INFO o.a.j.JMeter: os.name=Windows 10
2023-04-14 18:34:37,918 INFO o.a.j.JMeter: os.arch=amd64
2023-04-14 18:34:37,918 INFO o.a.j.JMeter: os.version=10.0
2023-04-14 18:34:37,918 INFO o.a.j.JMeter: file.encoding=Cp1252
2023-04-14 18:34:37,918 INFO o.a.j.JMeter: Max memory     =514850816
2023-04-14 18:34:37,918 INFO o.a.j.JMeter: Available Processors =8
2023-04-14 18:34:37,925 INFO o.a.j.JMeter: Default Locale=English (United States)
2023-04-14 18:34:37,926 INFO o.a.j.JMeter: JMeter  Locale=English (United States)
2023-04-14 18:34:37,926 INFO o.a.j.JMeter: JMeterHome=D:\Project\Pearson\API Codes\RestAssuredAPI\target\jmeter
2023-04-14 18:34:37,926 INFO o.a.j.JMeter: user.dir  =D:\Project\Pearson\API Codes\RestAssuredAPI\target\jmeter\bin
2023-04-14 18:34:37,926 INFO o.a.j.JMeter: PWD       =D:\Project\Pearson\API Codes\RestAssuredAPI\target\jmeter\bin
2023-04-14 18:34:37,928 INFO o.a.j.JMeter: IP: 10.160.251.44 Name: HMECL002868 FullName: HMECL002868.happiestminds.com
2023-04-14 18:34:37,934 INFO o.a.j.JMeter: Setting property 'jmeter.reportgenerator.outputdir' to:'D:\Project\Pearson\API Codes\RestAssuredAPI\target\jmeter\reports\Autobhan_AdminAPI_20230414_183436'
2023-04-14 18:34:37,937 INFO o.a.j.s.FileServer: Default base='D:\Project\Pearson\API Codes\RestAssuredAPI\target\jmeter\bin'
2023-04-14 18:34:37,937 INFO o.a.j.s.FileServer: Set new base='D:\Project\Pearson\API Codes\RestAssuredAPI\target\jmeter\testFiles'
2023-04-14 18:34:38,210 INFO o.a.j.s.SaveService: Testplan (JMX) version: 2.2. Testlog (JTL) version: 2.2
2023-04-14 18:34:38,223 INFO o.a.j.s.SaveService: Using SaveService properties file encoding UTF-8
2023-04-14 18:34:38,228 INFO o.a.j.s.SaveService: Using SaveService properties version 5.0
2023-04-14 18:34:38,235 WARN o.a.j.s.SaveService: Bad _version - expected 3.2, found 5.0.
2023-04-14 18:34:38,235 INFO o.a.j.s.SaveService: Loading file: D:\Project\Pearson\API Codes\RestAssuredAPI\target\jmeter\testFiles\Autobhan_AdminAPI.jmx
2023-04-14 18:34:38,317 INFO o.a.j.p.h.s.HTTPSamplerBase: Parser for text/html is org.apache.jmeter.protocol.http.parser.LagartoBasedHtmlParser
2023-04-14 18:34:38,317 INFO o.a.j.p.h.s.HTTPSamplerBase: Parser for application/xhtml+xml is org.apache.jmeter.protocol.http.parser.LagartoBasedHtmlParser
2023-04-14 18:34:38,317 INFO o.a.j.p.h.s.HTTPSamplerBase: Parser for application/xml is org.apache.jmeter.protocol.http.parser.LagartoBasedHtmlParser
2023-04-14 18:34:38,317 INFO o.a.j.p.h.s.HTTPSamplerBase: Parser for text/xml is org.apache.jmeter.protocol.http.parser.LagartoBasedHtmlParser
2023-04-14 18:34:38,317 INFO o.a.j.p.h.s.HTTPSamplerBase: Parser for text/vnd.wap.wml is org.apache.jmeter.protocol.http.parser.RegexpHTMLParser
2023-04-14 18:34:38,317 INFO o.a.j.p.h.s.HTTPSamplerBase: Parser for text/css is org.apache.jmeter.protocol.http.parser.CssParser
2023-04-14 18:34:38,435 INFO o.a.j.JMeter: Creating summariser <summary>
2023-04-14 18:34:38,444 INFO o.a.j.r.d.ReportGenerator: ReportGenerator will use for Parsing the separator: ','
2023-04-14 18:34:38,444 INFO o.a.j.r.d.ReportGenerator: Will generate report at end of test from  results file: D:\Project\Pearson\API Codes\RestAssuredAPI\target\jmeter\results\20230414-Autobhan_AdminAPI.csv
2023-04-14 18:34:38,444 INFO o.a.j.r.d.ReportGenerator: Reading report generator properties from: D:\Project\Pearson\API Codes\RestAssuredAPI\target\jmeter\bin\reportgenerator.properties
2023-04-14 18:34:38,445 INFO o.a.j.r.d.ReportGenerator: Merging with JMeter properties
2023-04-14 18:34:38,453 INFO o.a.j.r.c.ReportGeneratorConfiguration: Property 'jmeter.reportgenerator.temp_dir' not found, using default value 'temp' instead.
2023-04-14 18:34:38,457 INFO o.a.j.r.c.ReportGeneratorConfiguration: Property 'jmeter.reportgenerator.apdex_per_transaction' not found, using default value 'null' instead.
2023-04-14 18:34:38,457 INFO o.a.j.r.c.ReportGeneratorConfiguration: apdex_per_transaction : {} is empty, not APDEX per transaction customization
2023-04-14 18:34:38,457 INFO o.a.j.r.c.ReportGeneratorConfiguration: Property 'jmeter.reportgenerator.sample_filter' not found, using default value 'null' instead.
2023-04-14 18:34:38,458 INFO o.a.j.r.c.ReportGeneratorConfiguration: Property 'jmeter.reportgenerator.report_title' not found, using default value 'null' instead.
2023-04-14 18:34:38,458 INFO o.a.j.r.c.ReportGeneratorConfiguration: Property 'jmeter.reportgenerator.start_date' not found, using default value 'null' instead.
2023-04-14 18:34:38,458 INFO o.a.j.r.c.ReportGeneratorConfiguration: Property 'jmeter.reportgenerator.end_date' not found, using default value 'null' instead.
2023-04-14 18:34:38,458 INFO o.a.j.r.c.ReportGeneratorConfiguration: Property 'jmeter.reportgenerator.date_format' not found, using default value 'null' instead.
2023-04-14 18:34:38,460 INFO o.a.j.r.c.ReportGeneratorConfiguration: Will use date range start date: null, end date: null
2023-04-14 18:34:38,465 INFO o.a.j.r.c.ReportGeneratorConfiguration: Property 'jmeter.reportgenerator.graph.totalTPS.exclude_controllers' not found, using default value 'false' instead.
2023-04-14 18:34:38,465 INFO o.a.j.r.c.ReportGeneratorConfiguration: Property 'jmeter.reportgenerator.graph.activeThreadsOverTime.exclude_controllers' not found, using default value 'false' instead.
2023-04-14 18:34:38,465 INFO o.a.j.r.c.ReportGeneratorConfiguration: Property 'jmeter.reportgenerator.graph.timeVsThreads.exclude_controllers' not found, using default value 'false' instead.
2023-04-14 18:34:38,466 INFO o.a.j.r.c.ReportGeneratorConfiguration: Property 'jmeter.reportgenerator.graph.responseTimeDistribution.exclude_controllers' not found, using default value 'false' instead.
2023-04-14 18:34:38,466 INFO o.a.j.r.c.ReportGeneratorConfiguration: Property 'jmeter.reportgenerator.graph.transactionsPerSecond.exclude_controllers' not found, using default value 'false' instead.
2023-04-14 18:34:38,466 INFO o.a.j.r.c.ReportGeneratorConfiguration: Property 'jmeter.reportgenerator.graph.responseTimePercentiles.exclude_controllers' not found, using default value 'false' instead.
2023-04-14 18:34:38,466 INFO o.a.j.r.c.ReportGeneratorConfiguration: Property 'jmeter.reportgenerator.graph.responseTimePercentilesOverTime.exclude_controllers' not found, using default value 'false' instead.
2023-04-14 18:34:38,466 INFO o.a.j.r.c.ReportGeneratorConfiguration: Property 'jmeter.reportgenerator.graph.responseTimesOverTime.exclude_controllers' not found, using default value 'false' instead.
2023-04-14 18:34:38,466 INFO o.a.j.r.c.ReportGeneratorConfiguration: Property 'jmeter.reportgenerator.graph.connectTimeOverTime.exclude_controllers' not found, using default value 'false' instead.
2023-04-14 18:34:38,466 INFO o.a.j.r.c.ReportGeneratorConfiguration: Property 'jmeter.reportgenerator.graph.latenciesOverTime.exclude_controllers' not found, using default value 'false' instead.
2023-04-14 18:34:38,467 INFO o.a.j.r.c.ReportGeneratorConfiguration: Property 'jmeter.reportgenerator.exporter.json.filters_only_sample_series' not found, using default value 'true' instead.
2023-04-14 18:34:38,467 INFO o.a.j.r.c.ReportGeneratorConfiguration: Property 'jmeter.reportgenerator.exporter.json.series_filter' not found, using default value '' instead.
2023-04-14 18:34:38,468 INFO o.a.j.r.c.ReportGeneratorConfiguration: Property 'jmeter.reportgenerator.exporter.json.show_controllers_only' not found, using default value 'false' instead.
2023-04-14 18:34:38,468 INFO o.a.j.r.c.ReportGeneratorConfiguration: Property 'jmeter.reportgenerator.exporter.html.filters_only_sample_series' not found, using default value 'true' instead.
2023-04-14 18:34:38,468 INFO o.a.j.r.c.ReportGeneratorConfiguration: Property 'jmeter.reportgenerator.exporter.html.series_filter' not found, using default value '' instead.
2023-04-14 18:34:38,468 INFO o.a.j.r.c.ReportGeneratorConfiguration: Property 'jmeter.reportgenerator.exporter.html.show_controllers_only' not found, using default value 'false' instead.
2023-04-14 18:34:38,473 INFO o.a.j.e.StandardJMeterEngine: Running the test!
2023-04-14 18:34:38,480 INFO o.a.j.s.SampleEvent: List of sample_variables: []
2023-04-14 18:34:38,480 INFO o.a.j.s.SampleEvent: List of sample_variables: []
2023-04-14 18:34:38,488 INFO o.a.j.e.u.CompoundVariable: Note: Function class names must contain the string: '.functions.'
2023-04-14 18:34:38,488 INFO o.a.j.e.u.CompoundVariable: Note: Function class names must not contain the string: '.gui.'
2023-04-14 18:34:38,574 WARN o.a.j.u.JMeterUtils: ERROR! Resource string not found: [change_case_string]
2023-04-14 18:34:38,574 WARN o.a.j.u.JMeterUtils: ERROR! Resource string not found: [change_case_mode]
2023-04-14 18:34:38,574 WARN o.a.j.u.JMeterUtils: ERROR! Resource string not found: [date_string]
2023-04-14 18:34:38,574 WARN o.a.j.u.JMeterUtils: ERROR! Resource string not found: [date_format_old]
2023-04-14 18:34:38,574 WARN o.a.j.u.JMeterUtils: ERROR! Resource string not found: [date_format_new]
2023-04-14 18:34:38,575 WARN o.a.j.u.JMeterUtils: ERROR! Resource string not found: [algorithm_string]
2023-04-14 18:34:38,575 WARN o.a.j.u.JMeterUtils: ERROR! Resource string not found: [sha_string]
2023-04-14 18:34:38,575 WARN o.a.j.u.JMeterUtils: ERROR! Resource string not found: [salt_string]
2023-04-14 18:34:38,575 WARN o.a.j.u.JMeterUtils: ERROR! Resource string not found: [upper_case]
2023-04-14 18:34:38,957 WARN o.a.j.u.JMeterUtils: ERROR! Resource string not found: [time_format_random]
2023-04-14 18:34:38,957 WARN o.a.j.u.JMeterUtils: ERROR! Resource string not found: [date_start]
2023-04-14 18:34:38,957 WARN o.a.j.u.JMeterUtils: ERROR! Resource string not found: [date_end]
2023-04-14 18:34:38,957 WARN o.a.j.u.JMeterUtils: ERROR! Resource string not found: [locale_format]
2023-04-14 18:34:38,974 WARN o.a.j.u.JMeterUtils: ERROR! Resource string not found: [string_to_file_pathname]
2023-04-14 18:34:38,975 WARN o.a.j.u.JMeterUtils: ERROR! Resource string not found: [string_to_file_content]
2023-04-14 18:34:38,975 WARN o.a.j.u.JMeterUtils: ERROR! Resource string not found: [string_to_file_way_to_write]
2023-04-14 18:34:38,975 WARN o.a.j.u.JMeterUtils: ERROR! Resource string not found: [string_to_file_encoding]
2023-04-14 18:34:38,976 WARN o.a.j.u.JMeterUtils: ERROR! Resource string not found: [time_format_shift]
2023-04-14 18:34:38,977 WARN o.a.j.u.JMeterUtils: ERROR! Resource string not found: [date_to_shift]
2023-04-14 18:34:38,977 WARN o.a.j.u.JMeterUtils: ERROR! Resource string not found: [value_to_shift]
2023-04-14 18:34:38,977 WARN o.a.j.u.JMeterUtils: ERROR! Resource string not found: [locale_format]
2023-04-14 18:34:39,005 INFO o.a.j.JMeter: Running test (1681477479005)
2023-04-14 18:34:39,066 INFO o.a.j.e.StandardJMeterEngine: Starting ThreadGroup: 1 : Get Auth Token
2023-04-14 18:34:39,066 INFO o.a.j.e.StandardJMeterEngine: Starting 1 threads for group Get Auth Token.
2023-04-14 18:34:39,066 INFO o.a.j.e.StandardJMeterEngine: Thread will continue on error
2023-04-14 18:34:39,066 INFO o.a.j.t.ThreadGroup: Starting thread group... number=1 threads=1 ramp-up=1 perThread=1000.0 delayedStart=false
2023-04-14 18:34:39,077 INFO o.a.j.t.ThreadGroup: Started thread group number 1
2023-04-14 18:34:39,077 INFO o.a.j.e.StandardJMeterEngine: Waiting for thread group: Get Auth Token to finish before starting next group
2023-04-14 18:34:39,079 INFO o.a.j.t.JMeterThread: Thread started: Get Auth Token 1-1
2023-04-14 18:34:39,114 INFO o.a.j.p.h.s.HTTPHCAbstractImpl: Local host = HMECL002868
2023-04-14 18:34:39,123 INFO o.a.j.p.h.s.HTTPHC4Impl: HTTP request retry count = 0
2023-04-14 18:34:39,136 INFO o.a.j.s.SampleResult: Note: Sample TimeStamps are START times
2023-04-14 18:34:39,137 INFO o.a.j.s.SampleResult: sampleresult.default.encoding is set to ISO-8859-1
2023-04-14 18:34:39,137 INFO o.a.j.s.SampleResult: sampleresult.useNanoTime=true
2023-04-14 18:34:39,137 INFO o.a.j.s.SampleResult: sampleresult.nanoThreadSleep=5000
2023-04-14 18:34:39,663 INFO o.a.j.p.h.s.LazySchemeSocketFactory: Setting up HTTPS TrustAll Socket Factory
2023-04-14 18:34:39,677 INFO o.a.j.u.JsseSSLManager: Using default SSL protocol: TLS
2023-04-14 18:34:39,678 INFO o.a.j.u.JsseSSLManager: SSL session context: per-thread
2023-04-14 18:34:41,404 INFO o.a.j.u.SSLManager: JmeterKeyStore Location:  type JKS
2023-04-14 18:34:41,405 INFO o.a.j.u.SSLManager: KeyStore created OK
2023-04-14 18:34:41,405 WARN o.a.j.u.SSLManager: Keystore file not found, loading empty keystore
2023-04-14 18:34:43,699 INFO o.a.j.t.JMeterThread: Thread is done: Get Auth Token 1-1
2023-04-14 18:34:43,699 INFO o.a.j.t.JMeterThread: Thread finished: Get Auth Token 1-1
2023-04-14 18:34:43,700 INFO o.a.j.e.StandardJMeterEngine: Starting ThreadGroup: 2 : ADMIN API Routes
2023-04-14 18:34:43,700 INFO o.a.j.e.StandardJMeterEngine: Starting 5 threads for group ADMIN API Routes.
2023-04-14 18:34:43,700 INFO o.a.j.e.StandardJMeterEngine: Thread will continue on error
2023-04-14 18:34:43,700 INFO o.a.j.t.ThreadGroup: Starting thread group... number=2 threads=5 ramp-up=1 perThread=200.0 delayedStart=false
2023-04-14 18:34:43,703 INFO o.a.j.t.JMeterThread: Thread started: ADMIN API Routes 2-1
2023-04-14 18:34:43,704 INFO o.a.j.t.ThreadGroup: Started thread group number 2
2023-04-14 18:34:43,705 INFO o.a.j.e.StandardJMeterEngine: All thread groups have been started
2023-04-14 18:34:43,904 INFO o.a.j.t.JMeterThread: Thread started: ADMIN API Routes 2-2
2023-04-14 18:34:44,107 INFO o.a.j.t.JMeterThread: Thread started: ADMIN API Routes 2-3
2023-04-14 18:34:44,309 INFO o.a.j.t.JMeterThread: Thread started: ADMIN API Routes 2-4
2023-04-14 18:34:44,513 INFO o.a.j.t.JMeterThread: Thread started: ADMIN API Routes 2-5
2023-04-14 18:35:00,045 INFO o.a.j.r.Summariser: summary +    157 in 00:00:21 =    7.5/s Avg:   532 Min:   350 Max:  4415 Err:   157 (100.00%) Active: 5 Started: 6 Finished: 1
2023-04-14 18:35:13,721 INFO o.a.j.t.JMeterThread: Stopping because end time detected by thread: ADMIN API Routes 2-2
2023-04-14 18:35:13,721 INFO o.a.j.t.JMeterThread: Thread finished: ADMIN API Routes 2-2
2023-04-14 18:35:13,866 INFO o.a.j.t.JMeterThread: Stopping because end time detected by thread: ADMIN API Routes 2-1
2023-04-14 18:35:13,867 INFO o.a.j.t.JMeterThread: Thread finished: ADMIN API Routes 2-1
2023-04-14 18:35:13,911 INFO o.a.j.t.JMeterThread: Stopping because end time detected by thread: ADMIN API Routes 2-4
2023-04-14 18:35:13,911 INFO o.a.j.t.JMeterThread: Thread finished: ADMIN API Routes 2-4
2023-04-14 18:35:13,918 INFO o.a.j.t.JMeterThread: Stopping because end time detected by thread: ADMIN API Routes 2-5
2023-04-14 18:35:13,918 INFO o.a.j.t.JMeterThread: Stopping because end time detected by thread: ADMIN API Routes 2-3
2023-04-14 18:35:13,918 INFO o.a.j.t.JMeterThread: Thread finished: ADMIN API Routes 2-5
2023-04-14 18:35:13,918 INFO o.a.j.t.JMeterThread: Thread finished: ADMIN API Routes 2-3
2023-04-14 18:35:13,919 INFO o.a.j.e.StandardJMeterEngine: Notifying test listeners of end of test
2023-04-14 18:35:13,920 INFO o.a.j.r.Summariser: summary +    156 in 00:00:14 =   11.2/s Avg:   445 Min:   351 Max:   867 Err:   156 (100.00%) Active: 0 Started: 6 Finished: 6
2023-04-14 18:35:13,922 INFO o.a.j.r.Summariser: summary =    313 in 00:00:35 =    9.0/s Avg:   489 Min:   350 Max:  4415 Err:   313 (100.00%)
2023-04-14 18:35:13,922 INFO o.a.j.JMeter: Generating Dashboard
2023-04-14 18:35:13,922 INFO o.a.j.r.d.ReportGenerator: Flushing result collector before report Generation
2023-04-14 18:35:13,942 INFO o.a.j.r.p.NormalizerSampleConsumer: Using format, 'ms', to parse timeStamp field
2023-04-14 18:35:14,068 INFO o.a.j.r.p.AbstractSampleConsumer: class org.apache.jmeter.report.processor.AggregateConsumer#stopProducing(): beginDate produced 0 samples
2023-04-14 18:35:14,068 INFO o.a.j.r.p.AbstractSampleConsumer: class org.apache.jmeter.report.processor.AggregateConsumer#stopProducing(): endDate produced 0 samples
2023-04-14 18:35:14,069 INFO o.a.j.r.p.AbstractSampleConsumer: class org.apache.jmeter.report.processor.ApdexSummaryConsumer#stopProducing(): apdexSummary produced 0 samples
2023-04-14 18:35:14,069 INFO o.a.j.r.p.AbstractSampleConsumer: class org.apache.jmeter.report.processor.RequestsSummaryConsumer#stopProducing(): requestsSummary produced 0 samples
2023-04-14 18:35:14,077 INFO o.a.j.r.p.AbstractSampleConsumer: class org.apache.jmeter.report.processor.StatisticsSummaryConsumer#stopProducing(): statisticsSummary produced 0 samples
2023-04-14 18:35:14,079 INFO o.a.j.r.p.AbstractSampleConsumer: class org.apache.jmeter.report.processor.Top5ErrorsBySamplerConsumer#stopProducing(): top5ErrorsBySampler produced 0 samples
2023-04-14 18:35:14,079 INFO o.a.j.r.p.AbstractSampleConsumer: class org.apache.jmeter.report.processor.ErrorsSummaryConsumer#stopProducing(): errorsSummary produced 0 samples
2023-04-14 18:35:14,079 INFO o.a.j.r.p.AbstractSampleConsumer: class org.apache.jmeter.report.processor.graph.impl.HitsPerSecondGraphConsumer#stopProducing(): hitsPerSecond produced 0 samples
2023-04-14 18:35:14,103 INFO o.a.j.r.p.AbstractSampleConsumer: class org.apache.jmeter.report.processor.graph.impl.LatencyVSRequestGraphConsumer#stopProducing(): latencyVsRequest produced 0 samples
2023-04-14 18:35:14,104 INFO o.a.j.r.p.AbstractSampleConsumer: class org.apache.jmeter.report.processor.graph.impl.SyntheticResponseTimeDistributionGraphConsumer#stopProducing(): syntheticResponseTimeDistribution produced 0 samples
2023-04-14 18:35:14,104 INFO o.a.j.r.p.AbstractSampleConsumer: class org.apache.jmeter.report.processor.graph.impl.BytesThroughputGraphConsumer#stopProducing(): bytesThroughputOverTime produced 0 samples
2023-04-14 18:35:14,104 INFO o.a.j.r.p.AbstractSampleConsumer: class org.apache.jmeter.report.processor.graph.impl.CodesPerSecondGraphConsumer#stopProducing(): codesPerSecond produced 0 samples
2023-04-14 18:35:14,120 INFO o.a.j.r.p.AbstractSampleConsumer: class org.apache.jmeter.report.processor.graph.impl.ResponseTimeVSRequestGraphConsumer#stopProducing(): responseTimeVsRequest produced 0 samples
2023-04-14 18:35:14,120 INFO o.a.j.r.p.AbstractSampleConsumer: class org.apache.jmeter.report.processor.FilterConsumer#stopProducing(): startIntervalControlerFilter produced 2191 samples
2023-04-14 18:35:14,120 INFO o.a.j.r.p.AbstractSampleConsumer: class org.apache.jmeter.report.processor.graph.impl.TotalTPSGraphConsumer#stopProducing(): totalTPS produced 0 samples
2023-04-14 18:35:14,120 ERROR o.a.j.JMeter: Uncaught exception: 
java.lang.NoSuchMethodError: org.apache.jmeter.report.processor.graph.impl.TotalTPSGraphConsumer.createSerieResult(Ljava/lang/String;Lorg/apache/jmeter/report/processor/graph/SeriesData;)Lorg/apache/jmeter/report/processor/MapResultData;
	at org.apache.jmeter.report.processor.graph.impl.TotalTPSGraphConsumer.create(TotalTPSGraphConsumer.java:127) ~[ApacheJMeter_core-5.4.jar:5.4]
	at org.apache.jmeter.report.processor.graph.impl.TotalTPSGraphConsumer.initializeSeries(TotalTPSGraphConsumer.java:118) ~[ApacheJMeter_core-5.4.jar:5.4]
	at org.apache.jmeter.report.processor.graph.impl.TotalTPSGraphConsumer.initializeExtraResults(TotalTPSGraphConsumer.java:103) ~[ApacheJMeter_core-5.4.jar:5.4]
	at org.apache.jmeter.report.processor.graph.AbstractGraphConsumer.createResult(AbstractGraphConsumer.java:451) ~[ApacheJMeter_core-3.2.jar:3.2 r1790748]
	at org.apache.jmeter.report.processor.graph.AbstractGraphConsumer.stopConsuming(AbstractGraphConsumer.java:548) ~[ApacheJMeter_core-3.2.jar:3.2 r1790748]
	at org.apache.jmeter.report.processor.AbstractSampleConsumer.stopProducing(AbstractSampleConsumer.java:241) ~[ApacheJMeter_core-3.2.jar:3.2 r1790748]
	at org.apache.jmeter.report.processor.FilterConsumer.stopConsuming(FilterConsumer.java:112) ~[ApacheJMeter_core-3.2.jar:3.2 r1790748]
	at org.apache.jmeter.report.processor.AbstractSampleConsumer.stopProducing(AbstractSampleConsumer.java:241) ~[ApacheJMeter_core-3.2.jar:3.2 r1790748]
	at org.apache.jmeter.report.processor.FilterConsumer.stopConsuming(FilterConsumer.java:112) ~[ApacheJMeter_core-3.2.jar:3.2 r1790748]
	at org.apache.jmeter.report.processor.AbstractSampleConsumer.stopProducing(AbstractSampleConsumer.java:241) ~[ApacheJMeter_core-3.2.jar:3.2 r1790748]
	at org.apache.jmeter.report.processor.NormalizerSampleConsumer.stopConsuming(NormalizerSampleConsumer.java:125) ~[ApacheJMeter_core-3.2.jar:3.2 r1790748]
	at org.apache.jmeter.report.processor.CsvFileSampleSource$PrivateProducer.stopProducing(CsvFileSampleSource.java:339) ~[ApacheJMeter_core-3.2.jar:3.2 r1790748]
	at org.apache.jmeter.report.processor.CsvFileSampleSource.produce(CsvFileSampleSource.java:185) ~[ApacheJMeter_core-3.2.jar:3.2 r1790748]
	at org.apache.jmeter.report.processor.CsvFileSampleSource.run(CsvFileSampleSource.java:238) ~[ApacheJMeter_core-3.2.jar:3.2 r1790748]
	at org.apache.jmeter.report.dashboard.ReportGenerator.generate(ReportGenerator.java:244) ~[ApacheJMeter_core-3.2.jar:3.2 r1790748]
	at org.apache.jmeter.JMeter$ListenToTest.generateReport(JMeter.java:1198) ~[ApacheJMeter_core-3.2.jar:5.4]
	at org.apache.jmeter.JMeter$ListenToTest.testEnded(JMeter.java:1134) ~[ApacheJMeter_core-3.2.jar:5.4]
	at org.apache.jmeter.engine.StandardJMeterEngine.notifyTestListenersOfEnd(StandardJMeterEngine.java:230) ~[ApacheJMeter_core-3.2.jar:3.2 r1790748]
	at org.apache.jmeter.engine.StandardJMeterEngine.run(StandardJMeterEngine.java:498) ~[ApacheJMeter_core-3.2.jar:3.2 r1790748]
	at java.lang.Thread.run(Thread.java:748) [?:1.8.0_241]
