2023-04-14 18:35:15,752 INFO o.a.j.u.JMeterUtils: Setting Locale to en_US
2023-04-14 18:35:15,766 INFO o.a.j.JMeter: Loading system properties from: system.properties
2023-04-14 18:35:15,770 INFO o.a.j.JMeter: Copyright (c) 1998-2017 The Apache Software Foundation
2023-04-14 18:35:15,770 INFO o.a.j.JMeter: Version 3.2 r1790748
2023-04-14 18:35:15,770 INFO o.a.j.JMeter: java.version=1.8.0_241
2023-04-14 18:35:15,770 INFO o.a.j.JMeter: java.vm.name=Java HotSpot(TM) 64-Bit Server VM
2023-04-14 18:35:15,770 INFO o.a.j.JMeter: os.name=Windows 10
2023-04-14 18:35:15,770 INFO o.a.j.JMeter: os.arch=amd64
2023-04-14 18:35:15,770 INFO o.a.j.JMeter: os.version=10.0
2023-04-14 18:35:15,770 INFO o.a.j.JMeter: file.encoding=Cp1252
2023-04-14 18:35:15,770 INFO o.a.j.JMeter: Max memory     =514850816
2023-04-14 18:35:15,771 INFO o.a.j.JMeter: Available Processors =8
2023-04-14 18:35:15,775 INFO o.a.j.JMeter: Default Locale=English (United States)
2023-04-14 18:35:15,775 INFO o.a.j.JMeter: JMeter  Locale=English (United States)
2023-04-14 18:35:15,775 INFO o.a.j.JMeter: JMeterHome=D:\Project\Pearson\API Codes\RestAssuredAPI\target\jmeter
2023-04-14 18:35:15,776 INFO o.a.j.JMeter: user.dir  =D:\Project\Pearson\API Codes\RestAssuredAPI\target\jmeter\bin
2023-04-14 18:35:15,776 INFO o.a.j.JMeter: PWD       =D:\Project\Pearson\API Codes\RestAssuredAPI\target\jmeter\bin
2023-04-14 18:35:15,777 INFO o.a.j.JMeter: IP: 10.160.251.44 Name: HMECL002868 FullName: HMECL002868.happiestminds.com
2023-04-14 18:35:15,783 INFO o.a.j.JMeter: Setting property 'jmeter.reportgenerator.outputdir' to:'D:\Project\Pearson\API Codes\RestAssuredAPI\target\jmeter\reports\C4_API_Message_Publishing-Single_20230414_183514'
2023-04-14 18:35:15,784 INFO o.a.j.s.FileServer: Default base='D:\Project\Pearson\API Codes\RestAssuredAPI\target\jmeter\bin'
2023-04-14 18:35:15,785 INFO o.a.j.s.FileServer: Set new base='D:\Project\Pearson\API Codes\RestAssuredAPI\target\jmeter\testFiles'
2023-04-14 18:35:15,939 INFO o.a.j.s.SaveService: Testplan (JMX) version: 2.2. Testlog (JTL) version: 2.2
2023-04-14 18:35:15,950 INFO o.a.j.s.SaveService: Using SaveService properties file encoding UTF-8
2023-04-14 18:35:15,955 INFO o.a.j.s.SaveService: Using SaveService properties version 5.0
2023-04-14 18:35:15,961 WARN o.a.j.s.SaveService: Bad _version - expected 3.2, found 5.0.
2023-04-14 18:35:15,961 INFO o.a.j.s.SaveService: Loading file: D:\Project\Pearson\API Codes\RestAssuredAPI\target\jmeter\testFiles\C4_API_Message_Publishing-Single.jmx
2023-04-14 18:35:16,027 INFO o.a.j.p.h.s.HTTPSamplerBase: Parser for text/html is org.apache.jmeter.protocol.http.parser.LagartoBasedHtmlParser
2023-04-14 18:35:16,027 INFO o.a.j.p.h.s.HTTPSamplerBase: Parser for application/xhtml+xml is org.apache.jmeter.protocol.http.parser.LagartoBasedHtmlParser
2023-04-14 18:35:16,027 INFO o.a.j.p.h.s.HTTPSamplerBase: Parser for application/xml is org.apache.jmeter.protocol.http.parser.LagartoBasedHtmlParser
2023-04-14 18:35:16,027 INFO o.a.j.p.h.s.HTTPSamplerBase: Parser for text/xml is org.apache.jmeter.protocol.http.parser.LagartoBasedHtmlParser
2023-04-14 18:35:16,028 INFO o.a.j.p.h.s.HTTPSamplerBase: Parser for text/vnd.wap.wml is org.apache.jmeter.protocol.http.parser.RegexpHTMLParser
2023-04-14 18:35:16,028 INFO o.a.j.p.h.s.HTTPSamplerBase: Parser for text/css is org.apache.jmeter.protocol.http.parser.CssParser
2023-04-14 18:35:16,111 INFO o.a.j.JMeter: Creating summariser <summary>
2023-04-14 18:35:16,117 INFO o.a.j.r.d.ReportGenerator: ReportGenerator will use for Parsing the separator: ','
2023-04-14 18:35:16,117 INFO o.a.j.r.d.ReportGenerator: Will generate report at end of test from  results file: D:\Project\Pearson\API Codes\RestAssuredAPI\target\jmeter\results\20230414-C4_API_Message_Publishing-Single.csv
2023-04-14 18:35:16,117 INFO o.a.j.r.d.ReportGenerator: Reading report generator properties from: D:\Project\Pearson\API Codes\RestAssuredAPI\target\jmeter\bin\reportgenerator.properties
2023-04-14 18:35:16,118 INFO o.a.j.r.d.ReportGenerator: Merging with JMeter properties
2023-04-14 18:35:16,123 INFO o.a.j.r.c.ReportGeneratorConfiguration: Property 'jmeter.reportgenerator.temp_dir' not found, using default value 'temp' instead.
2023-04-14 18:35:16,131 INFO o.a.j.r.c.ReportGeneratorConfiguration: Property 'jmeter.reportgenerator.apdex_per_transaction' not found, using default value 'null' instead.
2023-04-14 18:35:16,131 INFO o.a.j.r.c.ReportGeneratorConfiguration: apdex_per_transaction : {} is empty, not APDEX per transaction customization
2023-04-14 18:35:16,131 INFO o.a.j.r.c.ReportGeneratorConfiguration: Property 'jmeter.reportgenerator.sample_filter' not found, using default value 'null' instead.
2023-04-14 18:35:16,132 INFO o.a.j.r.c.ReportGeneratorConfiguration: Property 'jmeter.reportgenerator.report_title' not found, using default value 'null' instead.
2023-04-14 18:35:16,133 INFO o.a.j.r.c.ReportGeneratorConfiguration: Property 'jmeter.reportgenerator.start_date' not found, using default value 'null' instead.
2023-04-14 18:35:16,133 INFO o.a.j.r.c.ReportGeneratorConfiguration: Property 'jmeter.reportgenerator.end_date' not found, using default value 'null' instead.
2023-04-14 18:35:16,133 INFO o.a.j.r.c.ReportGeneratorConfiguration: Property 'jmeter.reportgenerator.date_format' not found, using default value 'null' instead.
2023-04-14 18:35:16,133 INFO o.a.j.r.c.ReportGeneratorConfiguration: Will use date range start date: null, end date: null
2023-04-14 18:35:16,137 INFO o.a.j.r.c.ReportGeneratorConfiguration: Property 'jmeter.reportgenerator.graph.totalTPS.exclude_controllers' not found, using default value 'false' instead.
2023-04-14 18:35:16,138 INFO o.a.j.r.c.ReportGeneratorConfiguration: Property 'jmeter.reportgenerator.graph.activeThreadsOverTime.exclude_controllers' not found, using default value 'false' instead.
2023-04-14 18:35:16,138 INFO o.a.j.r.c.ReportGeneratorConfiguration: Property 'jmeter.reportgenerator.graph.timeVsThreads.exclude_controllers' not found, using default value 'false' instead.
2023-04-14 18:35:16,138 INFO o.a.j.r.c.ReportGeneratorConfiguration: Property 'jmeter.reportgenerator.graph.responseTimeDistribution.exclude_controllers' not found, using default value 'false' instead.
2023-04-14 18:35:16,138 INFO o.a.j.r.c.ReportGeneratorConfiguration: Property 'jmeter.reportgenerator.graph.transactionsPerSecond.exclude_controllers' not found, using default value 'false' instead.
2023-04-14 18:35:16,138 INFO o.a.j.r.c.ReportGeneratorConfiguration: Property 'jmeter.reportgenerator.graph.responseTimePercentiles.exclude_controllers' not found, using default value 'false' instead.
2023-04-14 18:35:16,138 INFO o.a.j.r.c.ReportGeneratorConfiguration: Property 'jmeter.reportgenerator.graph.responseTimePercentilesOverTime.exclude_controllers' not found, using default value 'false' instead.
2023-04-14 18:35:16,139 INFO o.a.j.r.c.ReportGeneratorConfiguration: Property 'jmeter.reportgenerator.graph.responseTimesOverTime.exclude_controllers' not found, using default value 'false' instead.
2023-04-14 18:35:16,139 INFO o.a.j.r.c.ReportGeneratorConfiguration: Property 'jmeter.reportgenerator.graph.connectTimeOverTime.exclude_controllers' not found, using default value 'false' instead.
2023-04-14 18:35:16,139 INFO o.a.j.r.c.ReportGeneratorConfiguration: Property 'jmeter.reportgenerator.graph.latenciesOverTime.exclude_controllers' not found, using default value 'false' instead.
2023-04-14 18:35:16,140 INFO o.a.j.r.c.ReportGeneratorConfiguration: Property 'jmeter.reportgenerator.exporter.json.filters_only_sample_series' not found, using default value 'true' instead.
2023-04-14 18:35:16,140 INFO o.a.j.r.c.ReportGeneratorConfiguration: Property 'jmeter.reportgenerator.exporter.json.series_filter' not found, using default value '' instead.
2023-04-14 18:35:16,140 INFO o.a.j.r.c.ReportGeneratorConfiguration: Property 'jmeter.reportgenerator.exporter.json.show_controllers_only' not found, using default value 'false' instead.
2023-04-14 18:35:16,141 INFO o.a.j.r.c.ReportGeneratorConfiguration: Property 'jmeter.reportgenerator.exporter.html.filters_only_sample_series' not found, using default value 'true' instead.
2023-04-14 18:35:16,141 INFO o.a.j.r.c.ReportGeneratorConfiguration: Property 'jmeter.reportgenerator.exporter.html.series_filter' not found, using default value '' instead.
2023-04-14 18:35:16,141 INFO o.a.j.r.c.ReportGeneratorConfiguration: Property 'jmeter.reportgenerator.exporter.html.show_controllers_only' not found, using default value 'false' instead.
2023-04-14 18:35:16,146 INFO o.a.j.e.StandardJMeterEngine: Running the test!
2023-04-14 18:35:16,146 INFO o.a.j.s.SampleEvent: List of sample_variables: []
2023-04-14 18:35:16,146 INFO o.a.j.s.SampleEvent: List of sample_variables: []
2023-04-14 18:35:16,164 INFO o.a.j.e.u.CompoundVariable: Note: Function class names must contain the string: '.functions.'
2023-04-14 18:35:16,164 INFO o.a.j.e.u.CompoundVariable: Note: Function class names must not contain the string: '.gui.'
2023-04-14 18:35:16,203 WARN o.a.j.u.JMeterUtils: ERROR! Resource string not found: [change_case_string]
2023-04-14 18:35:16,203 WARN o.a.j.u.JMeterUtils: ERROR! Resource string not found: [change_case_mode]
2023-04-14 18:35:16,203 WARN o.a.j.u.JMeterUtils: ERROR! Resource string not found: [date_string]
2023-04-14 18:35:16,203 WARN o.a.j.u.JMeterUtils: ERROR! Resource string not found: [date_format_old]
2023-04-14 18:35:16,203 WARN o.a.j.u.JMeterUtils: ERROR! Resource string not found: [date_format_new]
2023-04-14 18:35:16,203 WARN o.a.j.u.JMeterUtils: ERROR! Resource string not found: [algorithm_string]
2023-04-14 18:35:16,203 WARN o.a.j.u.JMeterUtils: ERROR! Resource string not found: [sha_string]
2023-04-14 18:35:16,203 WARN o.a.j.u.JMeterUtils: ERROR! Resource string not found: [salt_string]
2023-04-14 18:35:16,203 WARN o.a.j.u.JMeterUtils: ERROR! Resource string not found: [upper_case]
2023-04-14 18:35:16,453 WARN o.a.j.u.JMeterUtils: ERROR! Resource string not found: [time_format_random]
2023-04-14 18:35:16,453 WARN o.a.j.u.JMeterUtils: ERROR! Resource string not found: [date_start]
2023-04-14 18:35:16,453 WARN o.a.j.u.JMeterUtils: ERROR! Resource string not found: [date_end]
2023-04-14 18:35:16,453 WARN o.a.j.u.JMeterUtils: ERROR! Resource string not found: [locale_format]
2023-04-14 18:35:16,466 WARN o.a.j.u.JMeterUtils: ERROR! Resource string not found: [string_to_file_pathname]
2023-04-14 18:35:16,466 WARN o.a.j.u.JMeterUtils: ERROR! Resource string not found: [string_to_file_content]
2023-04-14 18:35:16,466 WARN o.a.j.u.JMeterUtils: ERROR! Resource string not found: [string_to_file_way_to_write]
2023-04-14 18:35:16,466 WARN o.a.j.u.JMeterUtils: ERROR! Resource string not found: [string_to_file_encoding]
2023-04-14 18:35:16,466 WARN o.a.j.u.JMeterUtils: ERROR! Resource string not found: [time_format_shift]
2023-04-14 18:35:16,467 WARN o.a.j.u.JMeterUtils: ERROR! Resource string not found: [date_to_shift]
2023-04-14 18:35:16,467 WARN o.a.j.u.JMeterUtils: ERROR! Resource string not found: [value_to_shift]
2023-04-14 18:35:16,467 WARN o.a.j.u.JMeterUtils: ERROR! Resource string not found: [locale_format]
2023-04-14 18:35:16,840 INFO o.a.j.JMeter: Running test (1681477516840)
2023-04-14 18:35:16,841 INFO o.a.j.e.StandardJMeterEngine: Starting setUp thread groups
2023-04-14 18:35:16,841 INFO o.a.j.e.StandardJMeterEngine: Starting setUp ThreadGroup: 1 : Set Variables
2023-04-14 18:35:16,841 INFO o.a.j.e.StandardJMeterEngine: Starting 1 threads for group Set Variables.
2023-04-14 18:35:16,841 INFO o.a.j.e.StandardJMeterEngine: Test will stop on error
2023-04-14 18:35:16,841 INFO o.a.j.t.ThreadGroup: Starting thread group... number=1 threads=1 ramp-up=1 perThread=1000.0 delayedStart=false
2023-04-14 18:35:16,846 INFO o.a.j.t.ThreadGroup: Started thread group number 1
2023-04-14 18:35:16,847 INFO o.a.j.e.StandardJMeterEngine: Waiting for setup thread group: Set Variables to finish before starting next setup group
2023-04-14 18:35:16,848 INFO o.a.j.t.JMeterThread: Thread started: Set Variables 1-1
2023-04-14 18:35:16,850 INFO o.a.j.s.SampleResult: Note: Sample TimeStamps are START times
2023-04-14 18:35:16,850 INFO o.a.j.s.SampleResult: sampleresult.default.encoding is set to ISO-8859-1
2023-04-14 18:35:16,851 INFO o.a.j.s.SampleResult: sampleresult.useNanoTime=true
2023-04-14 18:35:16,851 INFO o.a.j.s.SampleResult: sampleresult.nanoThreadSleep=5000
2023-04-14 18:35:16,873 INFO o.a.j.p.j.s.JSR223Sampler: duration: 30
2023-04-14 18:35:16,874 INFO o.a.j.p.j.s.JSR223Sampler: users: 100
2023-04-14 18:35:17,552 INFO o.a.j.p.j.s.JSR223Sampler: myUUID: 92e482de-b6d8-4138-97db-05534a4c43b7
2023-04-14 18:35:17,553 INFO o.a.j.p.j.s.JSR223Sampler: ramp: 300
2023-04-14 18:35:17,554 INFO o.a.j.p.j.s.JSR223Sampler: host: messaging-publishing-prf.stg-prsn.com
2023-04-14 18:35:17,554 INFO o.a.j.p.j.s.JSR223Sampler: tps: 5000
2023-04-14 18:35:17,555 INFO o.a.j.p.j.s.JSR223Sampler: msgSize: 1
2023-04-14 18:35:17,556 INFO o.a.j.p.j.s.JSR223Sampler: 300000
2023-04-14 18:35:17,612 INFO o.a.j.t.JMeterThread: Thread is done: Set Variables 1-1
2023-04-14 18:35:17,612 INFO o.a.j.t.JMeterThread: Thread finished: Set Variables 1-1
2023-04-14 18:35:17,613 INFO o.a.j.e.StandardJMeterEngine: Starting setUp ThreadGroup: 2 : Get Auth Token
2023-04-14 18:35:17,613 INFO o.a.j.e.StandardJMeterEngine: Starting 1 threads for group Get Auth Token.
2023-04-14 18:35:17,613 INFO o.a.j.e.StandardJMeterEngine: Test will stop on error
2023-04-14 18:35:17,614 INFO o.a.j.t.ThreadGroup: Starting thread group... number=2 threads=1 ramp-up=1 perThread=1000.0 delayedStart=false
2023-04-14 18:35:17,621 INFO o.a.j.t.ThreadGroup: Started thread group number 2
2023-04-14 18:35:17,622 INFO o.a.j.e.StandardJMeterEngine: Waiting for all setup thread groups to exit
2023-04-14 18:35:17,622 INFO o.a.j.t.JMeterThread: Thread started: Get Auth Token 2-1
2023-04-14 18:35:17,648 INFO o.a.j.p.h.s.HTTPHCAbstractImpl: Local host = HMECL002868
2023-04-14 18:35:17,656 INFO o.a.j.p.h.s.HTTPHC4Impl: HTTP request retry count = 0
2023-04-14 18:35:17,743 INFO o.a.j.p.h.s.LazySchemeSocketFactory: Setting up HTTPS TrustAll Socket Factory
2023-04-14 18:35:17,752 INFO o.a.j.u.JsseSSLManager: Using default SSL protocol: TLS
2023-04-14 18:35:17,752 INFO o.a.j.u.JsseSSLManager: SSL session context: per-thread
2023-04-14 18:35:18,530 INFO o.a.j.u.SSLManager: JmeterKeyStore Location:  type JKS
2023-04-14 18:35:18,530 INFO o.a.j.u.SSLManager: KeyStore created OK
2023-04-14 18:35:18,530 WARN o.a.j.u.SSLManager: Keystore file not found, loading empty keystore
2023-04-14 18:35:20,403 INFO o.a.j.t.JMeterThread: Shutdown Test detected by thread: Get Auth Token 2-1
2023-04-14 18:35:20,404 INFO o.a.j.t.JMeterThread: Thread is done: Get Auth Token 2-1
2023-04-14 18:35:20,404 INFO o.a.j.t.JMeterThread: Thread finished: Get Auth Token 2-1
2023-04-14 18:35:20,405 INFO o.a.j.t.JMeterThread: Stopping: Get Auth Token 2-1
2023-04-14 18:35:20,405 INFO o.a.j.e.StandardJMeterEngine: All Setup Threads have ended
2023-04-14 18:35:20,495 INFO o.a.j.e.StandardJMeterEngine: No enabled thread groups found
2023-04-14 18:35:20,496 INFO o.a.j.e.StandardJMeterEngine: Notifying test listeners of end of test
2023-04-14 18:35:20,500 INFO o.a.j.r.Summariser: summary =      2 in 00:00:04 =    0.5/s Avg:  1708 Min:   757 Max:  2659 Err:     1 (50.00%)
2023-04-14 18:35:20,501 INFO o.a.j.JMeter: Generating Dashboard
2023-04-14 18:35:20,502 INFO o.a.j.r.d.ReportGenerator: Flushing result collector before report Generation
2023-04-14 18:35:20,524 INFO o.a.j.r.p.NormalizerSampleConsumer: Using format, 'ms', to parse timeStamp field
2023-04-14 18:35:20,596 INFO o.a.j.r.p.AbstractSampleConsumer: class org.apache.jmeter.report.processor.AggregateConsumer#stopProducing(): beginDate produced 0 samples
2023-04-14 18:35:20,596 INFO o.a.j.r.p.AbstractSampleConsumer: class org.apache.jmeter.report.processor.AggregateConsumer#stopProducing(): endDate produced 0 samples
2023-04-14 18:35:20,596 INFO o.a.j.r.p.AbstractSampleConsumer: class org.apache.jmeter.report.processor.ApdexSummaryConsumer#stopProducing(): apdexSummary produced 0 samples
2023-04-14 18:35:20,596 INFO o.a.j.r.p.AbstractSampleConsumer: class org.apache.jmeter.report.processor.RequestsSummaryConsumer#stopProducing(): requestsSummary produced 0 samples
2023-04-14 18:35:20,607 INFO o.a.j.r.p.AbstractSampleConsumer: class org.apache.jmeter.report.processor.StatisticsSummaryConsumer#stopProducing(): statisticsSummary produced 0 samples
2023-04-14 18:35:20,607 INFO o.a.j.r.p.AbstractSampleConsumer: class org.apache.jmeter.report.processor.Top5ErrorsBySamplerConsumer#stopProducing(): top5ErrorsBySampler produced 0 samples
2023-04-14 18:35:20,607 INFO o.a.j.r.p.AbstractSampleConsumer: class org.apache.jmeter.report.processor.ErrorsSummaryConsumer#stopProducing(): errorsSummary produced 0 samples
2023-04-14 18:35:20,607 INFO o.a.j.r.p.AbstractSampleConsumer: class org.apache.jmeter.report.processor.graph.impl.HitsPerSecondGraphConsumer#stopProducing(): hitsPerSecond produced 0 samples
2023-04-14 18:35:20,624 INFO o.a.j.r.p.AbstractSampleConsumer: class org.apache.jmeter.report.processor.graph.impl.LatencyVSRequestGraphConsumer#stopProducing(): latencyVsRequest produced 0 samples
2023-04-14 18:35:20,624 INFO o.a.j.r.p.AbstractSampleConsumer: class org.apache.jmeter.report.processor.graph.impl.SyntheticResponseTimeDistributionGraphConsumer#stopProducing(): syntheticResponseTimeDistribution produced 0 samples
2023-04-14 18:35:20,624 INFO o.a.j.r.p.AbstractSampleConsumer: class org.apache.jmeter.report.processor.graph.impl.BytesThroughputGraphConsumer#stopProducing(): bytesThroughputOverTime produced 0 samples
2023-04-14 18:35:20,624 INFO o.a.j.r.p.AbstractSampleConsumer: class org.apache.jmeter.report.processor.graph.impl.CodesPerSecondGraphConsumer#stopProducing(): codesPerSecond produced 0 samples
2023-04-14 18:35:20,626 INFO o.a.j.r.p.AbstractSampleConsumer: class org.apache.jmeter.report.processor.graph.impl.ResponseTimeVSRequestGraphConsumer#stopProducing(): responseTimeVsRequest produced 0 samples
2023-04-14 18:35:20,626 INFO o.a.j.r.p.AbstractSampleConsumer: class org.apache.jmeter.report.processor.FilterConsumer#stopProducing(): startIntervalControlerFilter produced 14 samples
2023-04-14 18:35:20,626 INFO o.a.j.r.p.AbstractSampleConsumer: class org.apache.jmeter.report.processor.graph.impl.TotalTPSGraphConsumer#stopProducing(): totalTPS produced 0 samples
2023-04-14 18:35:20,626 ERROR o.a.j.JMeter: Uncaught exception: 
java.lang.NoSuchMethodError: org.apache.jmeter.report.processor.graph.impl.TotalTPSGraphConsumer.createSerieResult(Ljava/lang/String;Lorg/apache/jmeter/report/processor/graph/SeriesData;)Lorg/apache/jmeter/report/processor/MapResultData;
	at org.apache.jmeter.report.processor.graph.impl.TotalTPSGraphConsumer.create(TotalTPSGraphConsumer.java:127) ~[ApacheJMeter_core-5.4.jar:5.4]
	at org.apache.jmeter.report.processor.graph.impl.TotalTPSGraphConsumer.initializeSeries(TotalTPSGraphConsumer.java:118) ~[ApacheJMeter_core-5.4.jar:5.4]
	at org.apache.jmeter.report.processor.graph.impl.TotalTPSGraphConsumer.initializeExtraResults(TotalTPSGraphConsumer.java:103) ~[ApacheJMeter_core-5.4.jar:5.4]
	at org.apache.jmeter.report.processor.graph.AbstractGraphConsumer.createResult(AbstractGraphConsumer.java:451) ~[ApacheJMeter_core-3.2.jar:3.2 r1790748]
	at org.apache.jmeter.report.processor.graph.AbstractGraphConsumer.stopConsuming(AbstractGraphConsumer.java:548) ~[ApacheJMeter_core-3.2.jar:3.2 r1790748]
	at org.apache.jmeter.report.processor.AbstractSampleConsumer.stopProducing(AbstractSampleConsumer.java:241) ~[ApacheJMeter_core-3.2.jar:3.2 r1790748]
	at org.apache.jmeter.report.processor.FilterConsumer.stopConsuming(FilterConsumer.java:112) ~[ApacheJMeter_core-3.2.jar:3.2 r1790748]
	at org.apache.jmeter.report.processor.AbstractSampleConsumer.stopProducing(AbstractSampleConsumer.java:241) ~[ApacheJMeter_core-3.2.jar:3.2 r1790748]
	at org.apache.jmeter.report.processor.FilterConsumer.stopConsuming(FilterConsumer.java:112) ~[ApacheJMeter_core-3.2.jar:3.2 r1790748]
	at org.apache.jmeter.report.processor.AbstractSampleConsumer.stopProducing(AbstractSampleConsumer.java:241) ~[ApacheJMeter_core-3.2.jar:3.2 r1790748]
	at org.apache.jmeter.report.processor.NormalizerSampleConsumer.stopConsuming(NormalizerSampleConsumer.java:125) ~[ApacheJMeter_core-3.2.jar:3.2 r1790748]
	at org.apache.jmeter.report.processor.CsvFileSampleSource$PrivateProducer.stopProducing(CsvFileSampleSource.java:339) ~[ApacheJMeter_core-3.2.jar:3.2 r1790748]
	at org.apache.jmeter.report.processor.CsvFileSampleSource.produce(CsvFileSampleSource.java:185) ~[ApacheJMeter_core-3.2.jar:3.2 r1790748]
	at org.apache.jmeter.report.processor.CsvFileSampleSource.run(CsvFileSampleSource.java:238) ~[ApacheJMeter_core-3.2.jar:3.2 r1790748]
	at org.apache.jmeter.report.dashboard.ReportGenerator.generate(ReportGenerator.java:244) ~[ApacheJMeter_core-3.2.jar:3.2 r1790748]
	at org.apache.jmeter.JMeter$ListenToTest.generateReport(JMeter.java:1198) ~[ApacheJMeter_core-3.2.jar:5.4]
	at org.apache.jmeter.JMeter$ListenToTest.testEnded(JMeter.java:1134) ~[ApacheJMeter_core-3.2.jar:5.4]
	at org.apache.jmeter.engine.StandardJMeterEngine.notifyTestListenersOfEnd(StandardJMeterEngine.java:230) ~[ApacheJMeter_core-3.2.jar:3.2 r1790748]
	at org.apache.jmeter.engine.StandardJMeterEngine.run(StandardJMeterEngine.java:498) ~[ApacheJMeter_core-3.2.jar:3.2 r1790748]
	at java.lang.Thread.run(Thread.java:748) [?:1.8.0_241]
